# JRE version: Java(TM) SE Runtime Environment (8.0_20-b26) (build 1.8.0_20-b26)
# Java VM: Java HotSpot(TM) 64-Bit Server VM (25.20-b23 mixed mode windows-amd64 compressed oops)
Heap:
 PSYoungGen      total 197632K, used 58852K [0x00000000eab00000, 0x00000000fda80000, 0x0000000100000000)
  eden space 138752K, 0% used [0x00000000eab00000,0x00000000eab00000,0x00000000f3280000)
  from space 58880K, 99% used [0x00000000f7b80000,0x00000000fb4f92d0,0x00000000fb500000)
  to   space 74752K, 0% used [0x00000000f3280000,0x00000000f3280000,0x00000000f7b80000)
 ParOldGen       total 126464K, used 105001K [0x00000000c0000000, 0x00000000c7b80000, 0x00000000eab00000)
  object space 126464K, 83% used [0x00000000c0000000,0x00000000c668a750,0x00000000c7b80000)
 Metaspace       used 6206K, capacity 7152K, committed 7296K, reserved 1056768K
  class space    used 589K, capacity 616K, committed 640K, reserved 1048576K
GC Heap History (10 events):
Event: 4.883 GC heap after
Heap after GC invocations=10 (full 2):
 PSYoungGen      total 138752K, used 4016K [0x00000000eab00000, 0x00000000fa380000, 0x0000000100000000)
  eden space 115712K, 0% used [0x00000000eab00000,0x00000000eab00000,0x00000000f1c00000)
  from space 23040K, 17% used [0x00000000f3d80000,0x00000000f416c058,0x00000000f5400000)
  to   space 34304K, 0% used [0x00000000f1c00000,0x00000000f1c00000,0x00000000f3d80000)
 ParOldGen       total 126464K, used 62088K [0x00000000c0000000, 0x00000000c7b80000, 0x00000000eab00000)
  object space 126464K, 49% used [0x00000000c0000000,0x00000000c3ca23b0,0x00000000c7b80000)
 Metaspace       used 6179K, capacity 7152K, committed 7296K, reserved 1056768K
  class space    used 589K, capacity 616K, committed 640K, reserved 1048576K
}
Event: 5.598 GC heap before
{Heap before GC invocations=11 (full 2):
 PSYoungGen      total 138752K, used 119728K [0x00000000eab00000, 0x00000000fa380000, 0x0000000100000000)
  eden space 115712K, 100% used [0x00000000eab00000,0x00000000f1c00000,0x00000000f1c00000)
  from space 23040K, 17% used [0x00000000f3d80000,0x00000000f416c058,0x00000000f5400000)
  to   space 34304K, 0% used [0x00000000f1c00000,0x00000000f1c00000,0x00000000f3d80000)
 ParOldGen       total 126464K, used 62088K [0x00000000c0000000, 0x00000000c7b80000, 0x00000000eab00000)
  object space 126464K, 49% used [0x00000000c0000000,0x00000000c3ca23b0,0x00000000c7b80000)
 Metaspace       used 6193K, capacity 7152K, committed 7296K, reserved 1056768K
  class space    used 589K, capacity 616K, committed 640K, reserved 1048576K
Event: 5.651 GC heap after
Heap after GC invocations=11 (full 2):
 PSYoungGen      total 150016K, used 25790K [0x00000000eab00000, 0x00000000f7780000, 0x0000000100000000)
  eden space 115712K, 0% used [0x00000000eab00000,0x00000000eab00000,0x00000000f1c00000)
  from space 34304K, 75% used [0x00000000f1c00000,0x00000000f352f8e0,0x00000000f3d80000)
  to   space 36864K, 0% used [0x00000000f5380000,0x00000000f5380000,0x00000000f7780000)
 ParOldGen       total 126464K, used 62088K [0x00000000c0000000, 0x00000000c7b80000, 0x00000000eab00000)
  object space 126464K, 49% used [0x00000000c0000000,0x00000000c3ca23b0,0x00000000c7b80000)
 Metaspace       used 6193K, capacity 7152K, committed 7296K, reserved 1056768K
  class space    used 589K, capacity 616K, committed 640K, reserved 1048576K
}
Event: 6.155 GC heap before
{Heap before GC invocations=12 (full 2):
 PSYoungGen      total 150016K, used 141502K [0x00000000eab00000, 0x00000000f7780000, 0x0000000100000000)
  eden space 115712K, 100% used [0x00000000eab00000,0x00000000f1c00000,0x00000000f1c00000)
  from space 34304K, 75% used [0x00000000f1c00000,0x00000000f352f8e0,0x00000000f3d80000)
  to   space 36864K, 0% used [0x00000000f5380000,0x00000000f5380000,0x00000000f7780000)
 ParOldGen       total 126464K, used 62088K [0x00000000c0000000, 0x00000000c7b80000, 0x00000000eab00000)
  object space 126464K, 49% used [0x00000000c0000000,0x00000000c3ca23b0,0x00000000c7b80000)
 Metaspace       used 6198K, capacity 7152K, committed 7296K, reserved 1056768K
  class space    used 589K, capacity 616K, committed 640K, reserved 1048576K
Event: 6.212 GC heap after
Heap after GC invocations=12 (full 2):
 PSYoungGen      total 165888K, used 36832K [0x00000000eab00000, 0x00000000f8600000, 0x0000000100000000)
  eden space 129024K, 0% used [0x00000000eab00000,0x00000000eab00000,0x00000000f2900000)
  from space 36864K, 99% used [0x00000000f5380000,0x00000000f7778390,0x00000000f7780000)
  to   space 43520K, 0% used [0x00000000f2900000,0x00000000f2900000,0x00000000f5380000)
 ParOldGen       total 126464K, used 64711K [0x00000000c0000000, 0x00000000c7b80000, 0x00000000eab00000)
  object space 126464K, 51% used [0x00000000c0000000,0x00000000c3f31e28,0x00000000c7b80000)
 Metaspace       used 6198K, capacity 7152K, committed 7296K, reserved 1056768K
  class space    used 589K, capacity 616K, committed 640K, reserved 1048576K
}
Event: 6.845 GC heap before
{Heap before GC invocations=13 (full 2):
 PSYoungGen      total 165888K, used 165856K [0x00000000eab00000, 0x00000000f8600000, 0x0000000100000000)
  eden space 129024K, 100% used [0x00000000eab00000,0x00000000f2900000,0x00000000f2900000)
  from space 36864K, 99% used [0x00000000f5380000,0x00000000f7778390,0x00000000f7780000)
  to   space 43520K, 0% used [0x00000000f2900000,0x00000000f2900000,0x00000000f5380000)
 ParOldGen       total 126464K, used 64711K [0x00000000c0000000, 0x00000000c7b80000, 0x00000000eab00000)
  object space 126464K, 51% used [0x00000000c0000000,0x00000000c3f31e28,0x00000000c7b80000)
 Metaspace       used 6203K, capacity 7152K, committed 7296K, reserved 1056768K
  class space    used 589K, capacity 616K, committed 640K, reserved 1048576K
Event: 6.924 GC heap after
Heap after GC invocations=13 (full 2):
 PSYoungGen      total 172544K, used 43497K [0x00000000eab00000, 0x00000000fb500000, 0x0000000100000000)
  eden space 129024K, 0% used [0x00000000eab00000,0x00000000eab00000,0x00000000f2900000)
  from space 43520K, 99% used [0x00000000f2900000,0x00000000f537a620,0x00000000f5380000)
  to   space 58880K, 0% used [0x00000000f7b80000,0x00000000f7b80000,0x00000000fb500000)
 ParOldGen       total 126464K, used 88210K [0x00000000c0000000, 0x00000000c7b80000, 0x00000000eab00000)
  object space 126464K, 69% used [0x00000000c0000000,0x00000000c5624ad0,0x00000000c7b80000)
 Metaspace       used 6203K, capacity 7152K, committed 7296K, reserved 1056768K
  class space    used 589K, capacity 616K, committed 640K, reserved 1048576K
}
Event: 7.466 GC heap before
{Heap before GC invocations=14 (full 2):
 PSYoungGen      total 172544K, used 172521K [0x00000000eab00000, 0x00000000fb500000, 0x0000000100000000)
  eden space 129024K, 100% used [0x00000000eab00000,0x00000000f2900000,0x00000000f2900000)
  from space 43520K, 99% used [0x00000000f2900000,0x00000000f537a620,0x00000000f5380000)
  to   space 58880K, 0% used [0x00000000f7b80000,0x00000000f7b80000,0x00000000fb500000)
 ParOldGen       total 126464K, used 88210K [0x00000000c0000000, 0x00000000c7b80000, 0x00000000eab00000)
  object space 126464K, 69% used [0x00000000c0000000,0x00000000c5624ad0,0x00000000c7b80000)
 Metaspace       used 6206K, capacity 7152K, committed 7296K, reserved 1056768K
  class space    used 589K, capacity 616K, committed 640K, reserved 1048576K
Event: 7.639 GC heap after
Heap after GC invocations=14 (full 2):
 PSYoungGen      total 197632K, used 58852K [0x00000000eab00000, 0x00000000fda80000, 0x0000000100000000)
  eden space 138752K, 0% used [0x00000000eab00000,0x00000000eab00000,0x00000000f3280000)
  from space 58880K, 99% used [0x00000000f7b80000,0x00000000fb4f92d0,0x00000000fb500000)
  to   space 74752K, 0% used [0x00000000f3280000,0x00000000f3280000,0x00000000f7b80000)
 ParOldGen       total 126464K, used 105001K [0x00000000c0000000, 0x00000000c7b80000, 0x00000000eab00000)
  object space 126464K, 83% used [0x00000000c0000000,0x00000000c668a750,0x00000000c7b80000)
 Metaspace       used 6206K, capacity 7152K, committed 7296K, reserved 1056768K
  class space    used 589K, capacity 616K, committed 640K, reserved 1048576K
}
Event: 7.639 GC heap before
{Heap before GC invocations=15 (full 3):
 PSYoungGen      total 197632K, used 58852K [0x00000000eab00000, 0x00000000fda80000, 0x0000000100000000)
  eden space 138752K, 0% used [0x00000000eab00000,0x00000000eab00000,0x00000000f3280000)
  from space 58880K, 99% used [0x00000000f7b80000,0x00000000fb4f92d0,0x00000000fb500000)
  to   space 74752K, 0% used [0x00000000f3280000,0x00000000f3280000,0x00000000f7b80000)
 ParOldGen       total 126464K, used 105001K [0x00000000c0000000, 0x00000000c7b80000, 0x00000000eab00000)
  object space 126464K, 83% used [0x00000000c0000000,0x00000000c668a750,0x00000000c7b80000)
 Metaspace       used 6206K, capacity 7152K, committed 7296K, reserved 1056768K
  class space    used 589K, capacity 616K, committed 640K, reserved 1048576K

