# JRE version: Java(TM) SE Runtime Environment (8.0_20-b26) (build 1.8.0_20-b26)
# Java VM: Java HotSpot(TM) 64-Bit Server VM (25.20-b23 mixed mode windows-amd64 compressed oops)
Heap:
 PSYoungGen      total 226816K, used 193276K [0x00000000eab00000, 0x0000000100000000, 0x0000000100000000)
  eden space 136704K, 83% used [0x00000000eab00000,0x00000000f19d0d70,0x00000000f3080000)
  from space 90112K, 88% used [0x00000000f9380000,0x00000000fe16e5a0,0x00000000feb80000)
  to   space 101376K, 0% used [0x00000000f3080000,0x00000000f3080000,0x00000000f9380000)
 ParOldGen       total 128000K, used 104386K [0x00000000c0000000, 0x00000000c7d00000, 0x00000000eab00000)
  object space 128000K, 81% used [0x00000000c0000000,0x00000000c65f0a38,0x00000000c7d00000)
 Metaspace       used 6306K, capacity 7216K, committed 7296K, reserved 1056768K
  class space    used 596K, capacity 616K, committed 640K, reserved 1048576K
GC Heap History (10 events):
Event: 6.121 GC heap before
{Heap before GC invocations=12 (full 2):
 PSYoungGen      total 142336K, used 138662K [0x00000000eab00000, 0x00000000f7100000, 0x0000000100000000)
  eden space 108032K, 100% used [0x00000000eab00000,0x00000000f1480000,0x00000000f1480000)
  from space 34304K, 89% used [0x00000000f1480000,0x00000000f3269870,0x00000000f3600000)
  to   space 38400K, 0% used [0x00000000f4b80000,0x00000000f4b80000,0x00000000f7100000)
 ParOldGen       total 128000K, used 63272K [0x00000000c0000000, 0x00000000c7d00000, 0x00000000eab00000)
  object space 128000K, 49% used [0x00000000c0000000,0x00000000c3dca2f0,0x00000000c7d00000)
 Metaspace       used 6194K, capacity 7152K, committed 7296K, reserved 1056768K
  class space    used 589K, capacity 616K, committed 640K, reserved 1048576K
Event: 6.219 GC heap after
Heap after GC invocations=12 (full 2):
 PSYoungGen      total 147968K, used 38393K [0x00000000eab00000, 0x00000000f9400000, 0x0000000100000000)
  eden space 109568K, 0% used [0x00000000eab00000,0x00000000eab00000,0x00000000f1600000)
  from space 38400K, 99% used [0x00000000f4b80000,0x00000000f70fe6b0,0x00000000f7100000)
  to   space 54784K, 0% used [0x00000000f1600000,0x00000000f1600000,0x00000000f4b80000)
 ParOldGen       total 128000K, used 91016K [0x00000000c0000000, 0x00000000c7d00000, 0x00000000eab00000)
  object space 128000K, 71% used [0x00000000c0000000,0x00000000c58e20c0,0x00000000c7d00000)
 Metaspace       used 6194K, capacity 7152K, committed 7296K, reserved 1056768K
  class space    used 589K, capacity 616K, committed 640K, reserved 1048576K
}
Event: 6.774 GC heap before
{Heap before GC invocations=13 (full 2):
 PSYoungGen      total 147968K, used 147961K [0x00000000eab00000, 0x00000000f9400000, 0x0000000100000000)
  eden space 109568K, 100% used [0x00000000eab00000,0x00000000f1600000,0x00000000f1600000)
  from space 38400K, 99% used [0x00000000f4b80000,0x00000000f70fe6b0,0x00000000f7100000)
  to   space 54784K, 0% used [0x00000000f1600000,0x00000000f1600000,0x00000000f4b80000)
 ParOldGen       total 128000K, used 91016K [0x00000000c0000000, 0x00000000c7d00000, 0x00000000eab00000)
  object space 128000K, 71% used [0x00000000c0000000,0x00000000c58e20c0,0x00000000c7d00000)
 Metaspace       used 6197K, capacity 7152K, committed 7296K, reserved 1056768K
  class space    used 589K, capacity 616K, committed 640K, reserved 1048576K
Event: 6.865 GC heap after
Heap after GC invocations=13 (full 2):
 PSYoungGen      total 164352K, used 54598K [0x00000000eab00000, 0x00000000fa980000, 0x0000000100000000)
  eden space 109568K, 0% used [0x00000000eab00000,0x00000000eab00000,0x00000000f1600000)
  from space 54784K, 99% used [0x00000000f1600000,0x00000000f4b51b60,0x00000000f4b80000)
  to   space 64000K, 0% used [0x00000000f6b00000,0x00000000f6b00000,0x00000000fa980000)
 ParOldGen       total 128000K, used 91056K [0x00000000c0000000, 0x00000000c7d00000, 0x00000000eab00000)
  object space 128000K, 71% used [0x00000000c0000000,0x00000000c58ec0c0,0x00000000c7d00000)
 Metaspace       used 6197K, capacity 7152K, committed 7296K, reserved 1056768K
  class space    used 589K, capacity 616K, committed 640K, reserved 1048576K
}
Event: 7.504 GC heap before
{Heap before GC invocations=14 (full 2):
 PSYoungGen      total 164352K, used 164166K [0x00000000eab00000, 0x00000000fa980000, 0x0000000100000000)
  eden space 109568K, 100% used [0x00000000eab00000,0x00000000f1600000,0x00000000f1600000)
  from space 54784K, 99% used [0x00000000f1600000,0x00000000f4b51b60,0x00000000f4b80000)
  to   space 64000K, 0% used [0x00000000f6b00000,0x00000000f6b00000,0x00000000fa980000)
 ParOldGen       total 128000K, used 91056K [0x00000000c0000000, 0x00000000c7d00000, 0x00000000eab00000)
  object space 128000K, 71% used [0x00000000c0000000,0x00000000c58ec0c0,0x00000000c7d00000)
 Metaspace       used 6201K, capacity 7152K, committed 7296K, reserved 1056768K
  class space    used 589K, capacity 616K, committed 640K, reserved 1048576K
Event: 7.635 GC heap after
Heap after GC invocations=14 (full 2):
 PSYoungGen      total 182272K, used 63990K [0x00000000eab00000, 0x00000000fc780000, 0x0000000100000000)
  eden space 118272K, 0% used [0x00000000eab00000,0x00000000eab00000,0x00000000f1e80000)
  from space 64000K, 99% used [0x00000000f6b00000,0x00000000fa97da08,0x00000000fa980000)
  to   space 78336K, 0% used [0x00000000f1e80000,0x00000000f1e80000,0x00000000f6b00000)
 ParOldGen       total 128000K, used 101516K [0x00000000c0000000, 0x00000000c7d00000, 0x00000000eab00000)
  object space 128000K, 79% used [0x00000000c0000000,0x00000000c6323318,0x00000000c7d00000)
 Metaspace       used 6201K, capacity 7152K, committed 7296K, reserved 1056768K
  class space    used 589K, capacity 616K, committed 640K, reserved 1048576K
}
Event: 8.267 GC heap before
{Heap before GC invocations=15 (full 2):
 PSYoungGen      total 182272K, used 182262K [0x00000000eab00000, 0x00000000fc780000, 0x0000000100000000)
  eden space 118272K, 100% used [0x00000000eab00000,0x00000000f1e80000,0x00000000f1e80000)
  from space 64000K, 99% used [0x00000000f6b00000,0x00000000fa97da08,0x00000000fa980000)
  to   space 78336K, 0% used [0x00000000f1e80000,0x00000000f1e80000,0x00000000f6b00000)
 ParOldGen       total 128000K, used 101516K [0x00000000c0000000, 0x00000000c7d00000, 0x00000000eab00000)
  object space 128000K, 79% used [0x00000000c0000000,0x00000000c6323318,0x00000000c7d00000)
 Metaspace       used 6201K, capacity 7152K, committed 7296K, reserved 1056768K
  class space    used 589K, capacity 616K, committed 640K, reserved 1048576K
Event: 8.425 GC heap after
Heap after GC invocations=15 (full 2):
 PSYoungGen      total 196608K, used 74167K [0x00000000eab00000, 0x00000000feb80000, 0x0000000100000000)
  eden space 118272K, 0% used [0x00000000eab00000,0x00000000eab00000,0x00000000f1e80000)
  from space 78336K, 94% used [0x00000000f1e80000,0x00000000f66edc10,0x00000000f6b00000)
  to   space 90112K, 0% used [0x00000000f9380000,0x00000000f9380000,0x00000000feb80000)
 ParOldGen       total 128000K, used 104378K [0x00000000c0000000, 0x00000000c7d00000, 0x00000000eab00000)
  object space 128000K, 81% used [0x00000000c0000000,0x00000000c65eea38,0x00000000c7d00000)
 Metaspace       used 6201K, capacity 7152K, committed 7296K, reserved 1056768K
  class space    used 589K, capacity 616K, committed 640K, reserved 1048576K
}
Event: 8.947 GC heap before
{Heap before GC invocations=16 (full 2):
 PSYoungGen      total 196608K, used 192439K [0x00000000eab00000, 0x00000000feb80000, 0x0000000100000000)
  eden space 118272K, 100% used [0x00000000eab00000,0x00000000f1e80000,0x00000000f1e80000)
  from space 78336K, 94% used [0x00000000f1e80000,0x00000000f66edc10,0x00000000f6b00000)
  to   space 90112K, 0% used [0x00000000f9380000,0x00000000f9380000,0x00000000feb80000)
 ParOldGen       total 128000K, used 104378K [0x00000000c0000000, 0x00000000c7d00000, 0x00000000eab00000)
  object space 128000K, 81% used [0x00000000c0000000,0x00000000c65eea38,0x00000000c7d00000)
 Metaspace       used 6225K, capacity 7152K, committed 7296K, reserved 1056768K
  class space    used 591K, capacity 616K, committed 640K, reserved 1048576K
Event: 9.127 GC heap after
Heap after GC invocations=16 (full 2):
 PSYoungGen      total 226816K, used 79801K [0x00000000eab00000, 0x0000000100000000, 0x0000000100000000)
  eden space 136704K, 0% used [0x00000000eab00000,0x00000000eab00000,0x00000000f3080000)
  from space 90112K, 88% used [0x00000000f9380000,0x00000000fe16e5a0,0x00000000feb80000)
  to   space 101376K, 0% used [0x00000000f3080000,0x00000000f3080000,0x00000000f9380000)
 ParOldGen       total 128000K, used 104386K [0x00000000c0000000, 0x00000000c7d00000, 0x00000000eab00000)
  object space 128000K, 81% used [0x00000000c0000000,0x00000000c65f0a38,0x00000000c7d00000)
 Metaspace       used 6225K, capacity 7152K, committed 7296K, reserved 1056768K
  class space    used 591K, capacity 616K, committed 640K, reserved 1048576K
}

