# JRE version: Java(TM) SE Runtime Environment (8.0_20-b26) (build 1.8.0_20-b26)
# Java VM: Java HotSpot(TM) 64-Bit Server VM (25.20-b23 mixed mode windows-amd64 compressed oops)
Heap:
 PSYoungGen      total 214016K, used 32239K [0x00000000eab00000, 0x00000000fb680000, 0x0000000100000000)
  eden space 181760K, 0% used [0x00000000eab00000,0x00000000eab00000,0x00000000f5c80000)
  from space 32256K, 99% used [0x00000000f6200000,0x00000000f817bd38,0x00000000f8180000)
  to   space 46080K, 0% used [0x00000000f8980000,0x00000000f8980000,0x00000000fb680000)
 ParOldGen       total 86528K, used 73058K [0x00000000c0000000, 0x00000000c5480000, 0x00000000eab00000)
  object space 86528K, 84% used [0x00000000c0000000,0x00000000c4758a70,0x00000000c5480000)
 Metaspace       used 6218K, capacity 7152K, committed 7296K, reserved 1056768K
  class space    used 590K, capacity 616K, committed 640K, reserved 1048576K
GC Heap History (10 events):
Event: 9.215 GC heap after
Heap after GC invocations=8 (full 0):
 PSYoungGen      total 142336K, used 18400K [0x00000000eab00000, 0x00000000f5400000, 0x0000000100000000)
  eden space 123904K, 0% used [0x00000000eab00000,0x00000000eab00000,0x00000000f2400000)
  from space 18432K, 99% used [0x00000000f3a00000,0x00000000f4bf8010,0x00000000f4c00000)
  to   space 22528K, 0% used [0x00000000f2400000,0x00000000f2400000,0x00000000f3a00000)
 ParOldGen       total 44032K, used 34535K [0x00000000c0000000, 0x00000000c2b00000, 0x00000000eab00000)
  object space 44032K, 78% used [0x00000000c0000000,0x00000000c21b9e90,0x00000000c2b00000)
 Metaspace       used 6046K, capacity 7024K, committed 7296K, reserved 1056768K
  class space    used 587K, capacity 616K, committed 640K, reserved 1048576K
}
Event: 12.086 GC heap before
{Heap before GC invocations=9 (full 0):
 PSYoungGen      total 142336K, used 142304K [0x00000000eab00000, 0x00000000f5400000, 0x0000000100000000)
  eden space 123904K, 100% used [0x00000000eab00000,0x00000000f2400000,0x00000000f2400000)
  from space 18432K, 99% used [0x00000000f3a00000,0x00000000f4bf8010,0x00000000f4c00000)
  to   space 22528K, 0% used [0x00000000f2400000,0x00000000f2400000,0x00000000f3a00000)
 ParOldGen       total 44032K, used 34535K [0x00000000c0000000, 0x00000000c2b00000, 0x00000000eab00000)
  object space 44032K, 78% used [0x00000000c0000000,0x00000000c21b9e90,0x00000000c2b00000)
 Metaspace       used 6133K, capacity 7088K, committed 7296K, reserved 1056768K
  class space    used 587K, capacity 616K, committed 640K, reserved 1048576K
Event: 12.307 GC heap after
Heap after GC invocations=9 (full 0):
 PSYoungGen      total 146432K, used 22512K [0x00000000eab00000, 0x00000000faa00000, 0x0000000100000000)
  eden space 123904K, 0% used [0x00000000eab00000,0x00000000eab00000,0x00000000f2400000)
  from space 22528K, 99% used [0x00000000f2400000,0x00000000f39fc278,0x00000000f3a00000)
  to   space 31232K, 0% used [0x00000000f8b80000,0x00000000f8b80000,0x00000000faa00000)
 ParOldGen       total 47104K, used 46942K [0x00000000c0000000, 0x00000000c2e00000, 0x00000000eab00000)
  object space 47104K, 99% used [0x00000000c0000000,0x00000000c2dd7840,0x00000000c2e00000)
 Metaspace       used 6133K, capacity 7088K, committed 7296K, reserved 1056768K
  class space    used 587K, capacity 616K, committed 640K, reserved 1048576K
}
Event: 12.308 GC heap before
{Heap before GC invocations=10 (full 1):
 PSYoungGen      total 146432K, used 22512K [0x00000000eab00000, 0x00000000faa00000, 0x0000000100000000)
  eden space 123904K, 0% used [0x00000000eab00000,0x00000000eab00000,0x00000000f2400000)
  from space 22528K, 99% used [0x00000000f2400000,0x00000000f39fc278,0x00000000f3a00000)
  to   space 31232K, 0% used [0x00000000f8b80000,0x00000000f8b80000,0x00000000faa00000)
 ParOldGen       total 47104K, used 46942K [0x00000000c0000000, 0x00000000c2e00000, 0x00000000eab00000)
  object space 47104K, 99% used [0x00000000c0000000,0x00000000c2dd7840,0x00000000c2e00000)
 Metaspace       used 6133K, capacity 7088K, committed 7296K, reserved 1056768K
  class space    used 587K, capacity 616K, committed 640K, reserved 1048576K
Event: 14.738 GC heap after
Heap after GC invocations=10 (full 1):
 PSYoungGen      total 146432K, used 4030K [0x00000000eab00000, 0x00000000faa00000, 0x0000000100000000)
  eden space 123904K, 0% used [0x00000000eab00000,0x00000000eab00000,0x00000000f2400000)
  from space 22528K, 17% used [0x00000000f2400000,0x00000000f27efbf8,0x00000000f3a00000)
  to   space 31232K, 0% used [0x00000000f8b80000,0x00000000f8b80000,0x00000000faa00000)
 ParOldGen       total 86528K, used 46878K [0x00000000c0000000, 0x00000000c5480000, 0x00000000eab00000)
  object space 86528K, 54% used [0x00000000c0000000,0x00000000c2dc7868,0x00000000c5480000)
 Metaspace       used 6133K, capacity 7088K, committed 7296K, reserved 1056768K
  class space    used 587K, capacity 616K, committed 640K, reserved 1048576K
}
Event: 22.770 GC heap before
{Heap before GC invocations=11 (full 1):
 PSYoungGen      total 146432K, used 127934K [0x00000000eab00000, 0x00000000faa00000, 0x0000000100000000)
  eden space 123904K, 100% used [0x00000000eab00000,0x00000000f2400000,0x00000000f2400000)
  from space 22528K, 17% used [0x00000000f2400000,0x00000000f27efbf8,0x00000000f3a00000)
  to   space 31232K, 0% used [0x00000000f8b80000,0x00000000f8b80000,0x00000000faa00000)
 ParOldGen       total 86528K, used 46878K [0x00000000c0000000, 0x00000000c5480000, 0x00000000eab00000)
  object space 86528K, 54% used [0x00000000c0000000,0x00000000c2dc7868,0x00000000c5480000)
 Metaspace       used 6205K, capacity 7152K, committed 7296K, reserved 1056768K
  class space    used 590K, capacity 616K, committed 640K, reserved 1048576K
Event: 23.556 GC heap after
Heap after GC invocations=11 (full 1):
 PSYoungGen      total 172544K, used 21610K [0x00000000eab00000, 0x00000000fa100000, 0x0000000100000000)
  eden space 150528K, 0% used [0x00000000eab00000,0x00000000eab00000,0x00000000f3e00000)
  from space 22016K, 98% used [0x00000000f8b80000,0x00000000fa09a898,0x00000000fa100000)
  to   space 32256K, 0% used [0x00000000f6200000,0x00000000f6200000,0x00000000f8180000)
 ParOldGen       total 86528K, used 48637K [0x00000000c0000000, 0x00000000c5480000, 0x00000000eab00000)
  object space 86528K, 56% used [0x00000000c0000000,0x00000000c2f7f748,0x00000000c5480000)
 Metaspace       used 6205K, capacity 7152K, committed 7296K, reserved 1056768K
  class space    used 590K, capacity 616K, committed 640K, reserved 1048576K
}
Event: 31.237 GC heap before
{Heap before GC invocations=12 (full 1):
 PSYoungGen      total 172544K, used 172138K [0x00000000eab00000, 0x00000000fa100000, 0x0000000100000000)
  eden space 150528K, 100% used [0x00000000eab00000,0x00000000f3e00000,0x00000000f3e00000)
  from space 22016K, 98% used [0x00000000f8b80000,0x00000000fa09a898,0x00000000fa100000)
  to   space 32256K, 0% used [0x00000000f6200000,0x00000000f6200000,0x00000000f8180000)
 ParOldGen       total 86528K, used 48637K [0x00000000c0000000, 0x00000000c5480000, 0x00000000eab00000)
  object space 86528K, 56% used [0x00000000c0000000,0x00000000c2f7f748,0x00000000c5480000)
 Metaspace       used 6218K, capacity 7152K, committed 7296K, reserved 1056768K
  class space    used 590K, capacity 616K, committed 640K, reserved 1048576K
Event: 31.876 GC heap after
Heap after GC invocations=12 (full 1):
 PSYoungGen      total 214016K, used 32239K [0x00000000eab00000, 0x00000000fb680000, 0x0000000100000000)
  eden space 181760K, 0% used [0x00000000eab00000,0x00000000eab00000,0x00000000f5c80000)
  from space 32256K, 99% used [0x00000000f6200000,0x00000000f817bd38,0x00000000f8180000)
  to   space 46080K, 0% used [0x00000000f8980000,0x00000000f8980000,0x00000000fb680000)
 ParOldGen       total 86528K, used 73058K [0x00000000c0000000, 0x00000000c5480000, 0x00000000eab00000)
  object space 86528K, 84% used [0x00000000c0000000,0x00000000c4758a70,0x00000000c5480000)
 Metaspace       used 6218K, capacity 7152K, committed 7296K, reserved 1056768K
  class space    used 590K, capacity 616K, committed 640K, reserved 1048576K
}
Event: 31.876 GC heap before
{Heap before GC invocations=13 (full 2):
 PSYoungGen      total 214016K, used 32239K [0x00000000eab00000, 0x00000000fb680000, 0x0000000100000000)
  eden space 181760K, 0% used [0x00000000eab00000,0x00000000eab00000,0x00000000f5c80000)
  from space 32256K, 99% used [0x00000000f6200000,0x00000000f817bd38,0x00000000f8180000)
  to   space 46080K, 0% used [0x00000000f8980000,0x00000000f8980000,0x00000000fb680000)
 ParOldGen       total 86528K, used 73058K [0x00000000c0000000, 0x00000000c5480000, 0x00000000eab00000)
  object space 86528K, 84% used [0x00000000c0000000,0x00000000c4758a70,0x00000000c5480000)
 Metaspace       used 6218K, capacity 7152K, committed 7296K, reserved 1056768K
  class space    used 590K, capacity 616K, committed 640K, reserved 1048576K

